#
# A fatal error has been detected by the Java Runtime Environment:
#
#  Internal Error (javaClasses.cpp:129), pid=9140, tid=9060
#  fatal error: Invalid layout of preloaded class
#
# JRE version: 7.0_10-b18
# Java VM: Java HotSpot(TM) 64-Bit Server VM (23.6-b04 mixed mode windows-amd64 compressed oops)
# Failed to write core dump. Minidumps are not enabled by default on client versions of Windows
#
# If you would like to submit a bug report, please visit:
#   http://bugreport.sun.com/bugreport/crash.jsp
#

---------------  T H R E A D  ---------------

Current thread (0x00000000024fc800):  JavaThread "Unknown thread" [_thread_in_vm, id=9060, stack(0x0000000002600000,0x0000000002700000)]

Stack: [0x0000000002600000,0x0000000002700000]

---------------  P R O C E S S  ---------------

Java Threads: ( => current thread )

Other Threads:

=>0x00000000024fc800 (exited) JavaThread "Unknown thread" [_thread_in_vm, id=9060, stack(0x0000000002600000,0x0000000002700000)]

VM state:not at safepoint (not fully initialized)

VM Mutex/Monitor currently owned by a thread: None

GC Heap History (0 events):
No events

Deoptimization events (0 events):
No events

Internal exceptions (0 events):
No events

Events (10 events):
Event: 0.009 loading class 0x000000000257fe50 done
Event: 0.009 loading class 0x00000000025421e0 done
Event: 0.009 loading class 0x00000000025421b0
Event: 0.010 loading class 0x00000000025955e0
Event: 0.010 loading class 0x00000000025955e0 done
Event: 0.010 loading class 0x0000000002595620
Event: 0.010 loading class 0x0000000002595620 done
Event: 0.010 loading class 0x000000000b750180
Event: 0.010 loading class 0x000000000b750180 done
Event: 0.010 loading class 0x00000000025421b0 done


Dynamic libraries:
0x000000013f5a0000 - 0x000000013f5d3000 	C:\Program Files\Java\jre7\bin\javaw.exe
0x0000000077020000 - 0x00000000771cc000 	C:\Windows\SYSTEM32\ntdll.dll
0x0000000076e00000 - 0x0000000076f1f000 	C:\Windows\system32\kernel32.dll
0x000007fefd150000 - 0x000007fefd1bc000 	C:\Windows\system32\KERNELBASE.dll
0x000007fefd9f0000 - 0x000007fefdacb000 	C:\Windows\system32\ADVAPI32.dll
0x000007fefd1e0000 - 0x000007fefd27f000 	C:\Windows\system32\msvcrt.dll
0x000007fefd770000 - 0x000007fefd78f000 	C:\Windows\SYSTEM32\sechost.dll
0x000007fefdec0000 - 0x000007fefdfee000 	C:\Windows\system32\RPCRT4.dll
0x0000000076f20000 - 0x000000007701a000 	C:\Windows\system32\USER32.dll
0x000007fefd700000 - 0x000007fefd767000 	C:\Windows\system32\GDI32.dll
0x000007fefd6f0000 - 0x000007fefd6fe000 	C:\Windows\system32\LPK.dll
0x000007feff0b0000 - 0x000007feff17a000 	C:\Windows\system32\USP10.dll
0x000007fefb710000 - 0x000007fefb904000 	C:\Windows\WinSxS\amd64_microsoft.windows.common-controls_6595b64144ccf1df_6.0.7600.16661_none_fa62ad231704eab7\COMCTL32.dll
0x000007fefdbe0000 - 0x000007fefdc51000 	C:\Windows\system32\SHLWAPI.dll
0x000007fefe040000 - 0x000007fefe06e000 	C:\Windows\system32\IMM32.DLL
0x000007fefdad0000 - 0x000007fefdbd9000 	C:\Windows\system32\MSCTF.dll
0x0000000064730000 - 0x0000000064801000 	C:\Program Files\Java\jre7\bin\msvcr100.dll
0x000000005fa80000 - 0x000000006019f000 	C:\Program Files\Java\jre7\bin\server\jvm.dll
0x000007fefa220000 - 0x000007fefa229000 	C:\Windows\system32\WSOCK32.dll
0x000007fefd590000 - 0x000007fefd5dd000 	C:\Windows\system32\WS2_32.dll
0x000007feff280000 - 0x000007feff288000 	C:\Windows\system32\NSI.dll
0x000007fefd110000 - 0x000007fefd14b000 	C:\Windows\system32\WINMM.dll
0x00000000771e0000 - 0x00000000771e7000 	C:\Windows\system32\PSAPI.DLL
0x0000000068f90000 - 0x0000000068f9f000 	C:\Program Files\Java\jre7\bin\verify.dll
0x0000000068d50000 - 0x0000000068d78000 	C:\Program Files\Java\jre7\bin\java.dll
0x0000000068d30000 - 0x0000000068d45000 	C:\Program Files\Java\jre7\bin\zip.dll

VM Arguments:
jvm_args: -Dfile.encoding=GBK -Xbootclasspath:E:\android-sdk-windows\platforms\android-19\android.jar 
java_command: com.example.justforfun.Deck
Launcher Type: SUN_STANDARD

Environment Variables:
PATH=C:\Program Files (x86)\AMD APP\bin\x86_64;C:\Program Files (x86)\AMD APP\bin\x86;C:\Windows\system32;C:\Windows;C:\Windows\System32\Wbem;C:\Windows\System32\WindowsPowerShell\v1.0\;C:\Program Files\Intel\WiFi\bin\;C:\Program Files\Common Files\Intel\WirelessCommon\;C:\Program Files\Lenovo\Bluetooth Software\;C:\Program Files\Lenovo\Bluetooth Software\syswow64;C:\Program Files (x86)\ATI Technologies\ATI.ACE\Core-Static;D:\application software\mySQL\MySQL Utilities 1.3.4\;C:\android-sdk-windows\tools\;C:\Program Files\Intel\WiFi\bin\;C:\Program Files\Common Files\Intel\WirelessCommon\;D:\operation software\OpenVPN\bin
USERNAME=lenovo
OS=Windows_NT
PROCESSOR_IDENTIFIER=Intel64 Family 6 Model 42 Stepping 7, GenuineIntel



---------------  S Y S T E M  ---------------

OS: Windows 7 , 64 bit Build 7600 

CPU:total 4 (2 cores per cpu, 2 threads per core) family 6 model 42 stepping 7, cmov, cx8, fxsr, mmx, sse, sse2, sse3, ssse3, sse4.1, sse4.2, popcnt, ht, tsc, tscinvbit

Memory: 4k page, physical 8331120k(2591780k free), swap 16660332k(9778260k free)

vm_info: Java HotSpot(TM) 64-Bit Server VM (23.6-b04) for windows-amd64 JRE (1.7.0_10-b18), built on Nov 28 2012 05:00:40 by "java_re" with unknown MS VC++:1600

time: Tue Mar 25 22:23:35 2014
elapsed time: 0 seconds

